# JRE version: Java(TM) SE Runtime Environment (8.0_171-b11) (build 1.8.0_171-b11)
# Java VM: Java HotSpot(TM) 64-Bit Server VM (25.171-b11 mixed mode linux-amd64 compressed oops)
Heap:
 PSYoungGen      total 263168K, used 6237K [0x00000000eb600000, 0x00000000fc000000, 0x0000000100000000)
  eden space 253952K, 0% used [0x00000000eb600000,0x00000000eb600000,0x00000000fae00000)
  from space 9216K, 67% used [0x00000000fae00000,0x00000000fb417650,0x00000000fb700000)
  to   space 9216K, 0% used [0x00000000fb700000,0x00000000fb700000,0x00000000fc000000)
 ParOldGen       total 50688K, used 21939K [0x00000000c2200000, 0x00000000c5380000, 0x00000000eb600000)
  object space 50688K, 43% used [0x00000000c2200000,0x00000000c376cd48,0x00000000c5380000)
 Metaspace       used 22407K, capacity 22590K, committed 22704K, reserved 1069056K
  class space    used 2754K, capacity 2808K, committed 2816K, reserved 1048576K
GC Heap History (10 events):
Event: 1.770 GC heap after
Heap after GC invocations=5 (full 0):
 PSYoungGen      total 66048K, used 2544K [0x00000000eb600000, 0x00000000f4600000, 0x0000000100000000)
  eden space 63488K, 0% used [0x00000000eb600000,0x00000000eb600000,0x00000000ef400000)
  from space 2560K, 99% used [0x00000000ef400000,0x00000000ef67c020,0x00000000ef680000)
  to   space 10240K, 0% used [0x00000000f3c00000,0x00000000f3c00000,0x00000000f4600000)
 ParOldGen       total 42496K, used 15087K [0x00000000c2200000, 0x00000000c4b80000, 0x00000000eb600000)
  object space 42496K, 35% used [0x00000000c2200000,0x00000000c30bbe10,0x00000000c4b80000)
 Metaspace       used 10170K, capacity 10328K, committed 10624K, reserved 1058816K
  class space    used 1246K, capacity 1308K, committed 1408K, reserved 1048576K
}
Event: 2.151 GC heap before
{Heap before GC invocations=6 (full 0):
 PSYoungGen      total 66048K, used 66032K [0x00000000eb600000, 0x00000000f4600000, 0x0000000100000000)
  eden space 63488K, 100% used [0x00000000eb600000,0x00000000ef400000,0x00000000ef400000)
  from space 2560K, 99% used [0x00000000ef400000,0x00000000ef67c020,0x00000000ef680000)
  to   space 10240K, 0% used [0x00000000f3c00000,0x00000000f3c00000,0x00000000f4600000)
 ParOldGen       total 42496K, used 15087K [0x00000000c2200000, 0x00000000c4b80000, 0x00000000eb600000)
  object space 42496K, 35% used [0x00000000c2200000,0x00000000c30bbe10,0x00000000c4b80000)
 Metaspace       used 12907K, capacity 13080K, committed 13184K, reserved 1060864K
  class space    used 1567K, capacity 1628K, committed 1664K, reserved 1048576K
Event: 2.159 GC heap after
Heap after GC invocations=6 (full 0):
 PSYoungGen      total 136192K, used 4900K [0x00000000eb600000, 0x00000000f4500000, 0x0000000100000000)
  eden space 126976K, 0% used [0x00000000eb600000,0x00000000eb600000,0x00000000f3200000)
  from space 9216K, 53% used [0x00000000f3c00000,0x00000000f40c92e8,0x00000000f4500000)
  to   space 9728K, 0% used [0x00000000f3200000,0x00000000f3200000,0x00000000f3b80000)
 ParOldGen       total 42496K, used 15087K [0x00000000c2200000, 0x00000000c4b80000, 0x00000000eb600000)
  object space 42496K, 35% used [0x00000000c2200000,0x00000000c30bbe10,0x00000000c4b80000)
 Metaspace       used 12907K, capacity 13080K, committed 13184K, reserved 1060864K
  class space    used 1567K, capacity 1628K, committed 1664K, reserved 1048576K
}
Event: 3.138 GC heap before
{Heap before GC invocations=7 (full 0):
 PSYoungGen      total 136192K, used 131876K [0x00000000eb600000, 0x00000000f4500000, 0x0000000100000000)
  eden space 126976K, 100% used [0x00000000eb600000,0x00000000f3200000,0x00000000f3200000)
  from space 9216K, 53% used [0x00000000f3c00000,0x00000000f40c92e8,0x00000000f4500000)
  to   space 9728K, 0% used [0x00000000f3200000,0x00000000f3200000,0x00000000f3b80000)
 ParOldGen       total 42496K, used 15087K [0x00000000c2200000, 0x00000000c4b80000, 0x00000000eb600000)
  object space 42496K, 35% used [0x00000000c2200000,0x00000000c30bbe10,0x00000000c4b80000)
 Metaspace       used 18127K, capacity 18362K, committed 18432K, reserved 1064960K
  class space    used 2185K, capacity 2258K, committed 2304K, reserved 1048576K
Event: 3.155 GC heap after
Heap after GC invocations=7 (full 0):
 PSYoungGen      total 136704K, used 5703K [0x00000000eb600000, 0x00000000fc000000, 0x0000000100000000)
  eden space 126976K, 0% used [0x00000000eb600000,0x00000000eb600000,0x00000000f3200000)
  from space 9728K, 58% used [0x00000000f3200000,0x00000000f3791c88,0x00000000f3b80000)
  to   space 9216K, 0% used [0x00000000fb700000,0x00000000fb700000,0x00000000fc000000)
 ParOldGen       total 42496K, used 17557K [0x00000000c2200000, 0x00000000c4b80000, 0x00000000eb600000)
  object space 42496K, 41% used [0x00000000c2200000,0x00000000c3325578,0x00000000c4b80000)
 Metaspace       used 18127K, capacity 18362K, committed 18432K, reserved 1064960K
  class space    used 2185K, capacity 2258K, committed 2304K, reserved 1048576K
}
Event: 3.977 GC heap before
{Heap before GC invocations=8 (full 0):
 PSYoungGen      total 136704K, used 130246K [0x00000000eb600000, 0x00000000fc000000, 0x0000000100000000)
  eden space 126976K, 98% used [0x00000000eb600000,0x00000000f2f9fd40,0x00000000f3200000)
  from space 9728K, 58% used [0x00000000f3200000,0x00000000f3791c88,0x00000000f3b80000)
  to   space 9216K, 0% used [0x00000000fb700000,0x00000000fb700000,0x00000000fc000000)
 ParOldGen       total 42496K, used 17557K [0x00000000c2200000, 0x00000000c4b80000, 0x00000000eb600000)
  object space 42496K, 41% used [0x00000000c2200000,0x00000000c3325578,0x00000000c4b80000)
 Metaspace       used 20916K, capacity 21132K, committed 21296K, reserved 1069056K
  class space    used 2570K, capacity 2645K, committed 2688K, reserved 1048576K
Event: 3.989 GC heap after
Heap after GC invocations=8 (full 0):
 PSYoungGen      total 263168K, used 6419K [0x00000000eb600000, 0x00000000fc000000, 0x0000000100000000)
  eden space 253952K, 0% used [0x00000000eb600000,0x00000000eb600000,0x00000000fae00000)
  from space 9216K, 69% used [0x00000000fb700000,0x00000000fbd44c48,0x00000000fc000000)
  to   space 9216K, 0% used [0x00000000fae00000,0x00000000fae00000,0x00000000fb700000)
 ParOldGen       total 42496K, used 17669K [0x00000000c2200000, 0x00000000c4b80000, 0x00000000eb600000)
  object space 42496K, 41% used [0x00000000c2200000,0x00000000c3341578,0x00000000c4b80000)
 Metaspace       used 20916K, capacity 21132K, committed 21296K, reserved 1069056K
  class space    used 2570K, capacity 2645K, committed 2688K, reserved 1048576K
}
Event: 3.989 GC heap before
{Heap before GC invocations=9 (full 1):
 PSYoungGen      total 263168K, used 6419K [0x00000000eb600000, 0x00000000fc000000, 0x0000000100000000)
  eden space 253952K, 0% used [0x00000000eb600000,0x00000000eb600000,0x00000000fae00000)
  from space 9216K, 69% used [0x00000000fb700000,0x00000000fbd44c48,0x00000000fc000000)
  to   space 9216K, 0% used [0x00000000fae00000,0x00000000fae00000,0x00000000fb700000)
 ParOldGen       total 42496K, used 17669K [0x00000000c2200000, 0x00000000c4b80000, 0x00000000eb600000)
  object space 42496K, 41% used [0x00000000c2200000,0x00000000c3341578,0x00000000c4b80000)
 Metaspace       used 20916K, capacity 21132K, committed 21296K, reserved 1069056K
  class space    used 2570K, capacity 2645K, committed 2688K, reserved 1048576K
Event: 4.062 GC heap after
Heap after GC invocations=9 (full 1):
 PSYoungGen      total 263168K, used 0K [0x00000000eb600000, 0x00000000fc000000, 0x0000000100000000)
  eden space 253952K, 0% used [0x00000000eb600000,0x00000000eb600000,0x00000000fae00000)
  from space 9216K, 0% used [0x00000000fb700000,0x00000000fb700000,0x00000000fc000000)
  to   space 9216K, 0% used [0x00000000fae00000,0x00000000fae00000,0x00000000fb700000)
 ParOldGen       total 50688K, used 21939K [0x00000000c2200000, 0x00000000c5380000, 0x00000000eb600000)
  object space 50688K, 43% used [0x00000000c2200000,0x00000000c376cd48,0x00000000c5380000)
 Metaspace       used 20916K, capacity 21132K, committed 21296K, reserved 1069056K
  class space    used 2570K, capacity 2645K, committed 2688K, reserved 1048576K
}
Event: 6.449 GC heap before
{Heap before GC invocations=10 (full 1):
 PSYoungGen      total 263168K, used 253952K [0x00000000eb600000, 0x00000000fc000000, 0x0000000100000000)
  eden space 253952K, 100% used [0x00000000eb600000,0x00000000fae00000,0x00000000fae00000)
  from space 9216K, 0% used [0x00000000fb700000,0x00000000fb700000,0x00000000fc000000)
  to   space 9216K, 0% used [0x00000000fae00000,0x00000000fae00000,0x00000000fb700000)
 ParOldGen       total 50688K, used 21939K [0x00000000c2200000, 0x00000000c5380000, 0x00000000eb600000)
  object space 50688K, 43% used [0x00000000c2200000,0x00000000c376cd48,0x00000000c5380000)
 Metaspace       used 22407K, capacity 22590K, committed 22704K, reserved 1069056K
  class space    used 2754K, capacity 2808K, committed 2816K, reserved 1048576K

